0 info it worked if it ends with ok
1 verbose cli [ '/home/ubuntu/.nvm/versions/node/v5.7.0/bin/node',
1 verbose cli   '/home/ubuntu/.nvm/versions/node/v5.7.0/bin/npm',
1 verbose cli   'start' ]
2 info using npm@3.6.0
3 info using node@v5.7.0
4 verbose run-script [ 'prestart', 'start', 'poststart' ]
5 info lifecycle learn-redux@1.0.0~prestart: learn-redux@1.0.0
6 silly lifecycle learn-redux@1.0.0~prestart: no script for prestart, continuing
7 info lifecycle learn-redux@1.0.0~start: learn-redux@1.0.0
8 verbose lifecycle learn-redux@1.0.0~start: unsafe-perm in lifecycle true
9 verbose lifecycle learn-redux@1.0.0~start: PATH: /home/ubuntu/.nvm/versions/node/v5.7.0/lib/node_modules/npm/bin/node-gyp-bin:/home/ubuntu/workspace/node_modules/.bin:/home/ubuntu/.nvm/versions/node/v5.7.0/bin:/usr/local/rvm/gems/ruby-2.3.0/bin:/usr/local/rvm/gems/ruby-2.3.0@global/bin:/usr/local/rvm/rubies/ruby-2.3.0/bin:/mnt/shared/bin:/home/ubuntu/workspace/node_modules/.bin:/home/ubuntu/bin:/usr/local/sbin:/usr/local/bin:/usr/sbin:/usr/bin:/sbin:/bin:/mnt/shared/sbin:/opt/gitl:/opt/go/bin:/mnt/shared/c9/app.nw/bin:/usr/local/rvm/bin
10 verbose lifecycle learn-redux@1.0.0~start: CWD: /home/ubuntu/workspace
11 silly lifecycle learn-redux@1.0.0~start: Args: [ '-c',
11 silly lifecycle   'webpack-dev-server --port $PORT --host $IP  --content-base build/' ]
12 info lifecycle learn-redux@1.0.0~start: Failed to exec start script
13 verbose stack Error: learn-redux@1.0.0 start: `webpack-dev-server --port $PORT --host $IP  --content-base build/`
13 verbose stack spawn ENOENT
13 verbose stack     at ChildProcess.<anonymous> (/home/ubuntu/.nvm/versions/node/v5.7.0/lib/node_modules/npm/lib/utils/spawn.js:17:16)
13 verbose stack     at emitTwo (events.js:100:13)
13 verbose stack     at ChildProcess.emit (events.js:185:7)
13 verbose stack     at maybeClose (internal/child_process.js:827:16)
13 verbose stack     at Process.ChildProcess._handle.onexit (internal/child_process.js:211:5)
14 verbose pkgid learn-redux@1.0.0
15 verbose cwd /home/ubuntu/workspace
16 error Linux 4.2.0-c9
17 error argv "/home/ubuntu/.nvm/versions/node/v5.7.0/bin/node" "/home/ubuntu/.nvm/versions/node/v5.7.0/bin/npm" "start"
18 error node v5.7.0
19 error npm  v3.6.0
20 error file sh
21 error code ELIFECYCLE
22 error errno ENOENT
23 error syscall spawn
24 error learn-redux@1.0.0 start: `webpack-dev-server --port $PORT --host $IP  --content-base build/`
24 error spawn ENOENT
25 error Failed at the learn-redux@1.0.0 start script 'webpack-dev-server --port $PORT --host $IP  --content-base build/'.
25 error Make sure you have the latest version of node.js and npm installed.
25 error If you do, this is most likely a problem with the learn-redux package,
25 error not with npm itself.
25 error Tell the author that this fails on your system:
25 error     webpack-dev-server --port $PORT --host $IP  --content-base build/
25 error You can get information on how to open an issue for this project with:
25 error     npm bugs learn-redux
25 error Or if that isn't available, you can get their info via:
25 error     npm owner ls learn-redux
25 error There is likely additional logging output above.
26 verbose exit [ 1, true ]
